[2021-03-11 09:05:44] local.ERROR: Interface 'Tymon\JWTAuth\Contracts\JWTSubject' not found {"userId":30000001,"exception":"[object] (Symfony\\Component\\Debug\\Exception\\FatalErrorException(code: 1): Interface 'Tymon\\JWTAuth\\Contracts\\JWTSubject' not found at /home/pigstuhq/pureoproducts.pigslhub.com/app/Models/Customer.php:9)
[stacktrace]
#0 {main}
"} 
[2021-03-11 10:08:14] local.ERROR: Interface 'Tymon\JWTAuth\Contracts\JWTSubject' not found {"userId":30000001,"exception":"[object] (Symfony\\Component\\Debug\\Exception\\FatalErrorException(code: 1): Interface 'Tymon\\JWTAuth\\Contracts\\JWTSubject' not found at /home/pigstuhq/pureoproducts.pigslhub.com/app/Models/Customer.php:9)
[stacktrace]
#0 {main}
"} 
[2021-03-11 10:09:38] local.ERROR: Interface 'Tymon\JWTAuth\Contracts\JWTSubject' not found {"userId":30000001,"exception":"[object] (Symfony\\Component\\Debug\\Exception\\FatalErrorException(code: 1): Interface 'Tymon\\JWTAuth\\Contracts\\JWTSubject' not found at /home/pigstuhq/pureoproducts.pigslhub.com/app/Models/Customer.php:9)
[stacktrace]
#0 {main}
"} 
[2021-03-11 10:09:40] local.ERROR: Interface 'Tymon\JWTAuth\Contracts\JWTSubject' not found {"userId":30000001,"exception":"[object] (Symfony\\Component\\Debug\\Exception\\FatalErrorException(code: 1): Interface 'Tymon\\JWTAuth\\Contracts\\JWTSubject' not found at /home/pigstuhq/pureoproducts.pigslhub.com/app/Models/Customer.php:9)
[stacktrace]
#0 {main}
"} 
[2021-03-11 11:26:10] local.ERROR: Interface 'Tymon\JWTAuth\Contracts\JWTSubject' not found {"userId":30000001,"exception":"[object] (Symfony\\Component\\Debug\\Exception\\FatalErrorException(code: 1): Interface 'Tymon\\JWTAuth\\Contracts\\JWTSubject' not found at /home/pigstuhq/pureoproducts.pigslhub.com/app/Models/Customer.php:9)
[stacktrace]
#0 {main}
"} 
[2021-03-11 11:26:30] local.ERROR: Interface 'Tymon\JWTAuth\Contracts\JWTSubject' not found {"userId":30000001,"exception":"[object] (Symfony\\Component\\Debug\\Exception\\FatalErrorException(code: 1): Interface 'Tymon\\JWTAuth\\Contracts\\JWTSubject' not found at /home/pigstuhq/pureoproducts.pigslhub.com/app/Models/Customer.php:9)
[stacktrace]
#0 {main}
"} 
[2021-03-11 11:26:43] local.ERROR: Interface 'Tymon\JWTAuth\Contracts\JWTSubject' not found {"userId":30000001,"exception":"[object] (Symfony\\Component\\Debug\\Exception\\FatalErrorException(code: 1): Interface 'Tymon\\JWTAuth\\Contracts\\JWTSubject' not found at /home/pigstuhq/pureoproducts.pigslhub.com/app/Models/Customer.php:9)
[stacktrace]
#0 {main}
"} 
[2021-03-11 11:26:52] local.ERROR: Interface 'Tymon\JWTAuth\Contracts\JWTSubject' not found {"userId":30000001,"exception":"[object] (Symfony\\Component\\Debug\\Exception\\FatalErrorException(code: 1): Interface 'Tymon\\JWTAuth\\Contracts\\JWTSubject' not found at /home/pigstuhq/pureoproducts.pigslhub.com/app/Models/Customer.php:9)
[stacktrace]
#0 {main}
"} 
[2021-03-11 11:37:58] local.ERROR: Interface 'Tymon\JWTAuth\Contracts\JWTSubject' not found {"userId":30000001,"exception":"[object] (Symfony\\Component\\Debug\\Exception\\FatalErrorException(code: 1): Interface 'Tymon\\JWTAuth\\Contracts\\JWTSubject' not found at /home/pigstuhq/pureoproducts.pigslhub.com/app/Models/Customer.php:9)
[stacktrace]
#0 {main}
"} 
[2021-03-11 11:48:48] local.ERROR: SQLSTATE[22001]: String data, right truncated: 1406 Data too long for column 'description' at row 1 (SQL: insert into `products` (`subcategory_id`, `name`, `price`, `description`, `volumes`, `instruction`, `ingredients`, `in_stock`, `updated_at`, `created_at`) values (3, DHT BLOCKER EXFOLIATING CONDITIONING SHAMPOO 2IN1, 29.00, Our DHT blocker Conditioning exfoliating shampoo 2-in-1 contains a unique concoction of phytosterols with powerful anti-androgenic properties, which are critical for blocking existing DHT and preventing their transformation. DHT is the main reason for male pattern baldness, as well as hair loss in women.  It has powerful anti-androgenic properties that hinder the function of DHT. It deep cleans, and purifies the tissues, for improved lymphatic circulation and tissue stimulation, which also assists in reducing product build-up, 8OZ,16OZ,32OZ, ?, ?, 100, 2021-03-11 11:48:48, 2021-03-11 11:48:48)) {"userId":30000001,"exception":"[object] (Illuminate\\Database\\QueryException(code: 22001): SQLSTATE[22001]: String data, right truncated: 1406 Data too long for column 'description' at row 1 (SQL: insert into `products` (`subcategory_id`, `name`, `price`, `description`, `volumes`, `instruction`, `ingredients`, `in_stock`, `updated_at`, `created_at`) values (3, DHT BLOCKER EXFOLIATING CONDITIONING SHAMPOO 2IN1, 29.00, Our DHT blocker Conditioning exfoliating shampoo 2-in-1 contains a unique concoction of phytosterols with powerful anti-androgenic properties, which are critical for blocking existing DHT and preventing their transformation. DHT is the main reason for male pattern baldness, as well as hair loss in women.  It has powerful anti-androgenic properties that hinder the function of DHT. It deep cleans, and purifies the tissues, for improved lymphatic circulation and tissue stimulation, which also assists in reducing product build-up, 8OZ,16OZ,32OZ, ?, ?, 100, 2021-03-11 11:48:48, 2021-03-11 11:48:48)) at /home/pigstuhq/pureoproducts.pigslhub.com/vendor/laravel/framework/src/Illuminate/Database/Connection.php:669)
[stacktrace]
#0 /home/pigstuhq/pureoproducts.pigslhub.com/vendor/laravel/framework/src/Illuminate/Database/Connection.php(629): Illuminate\\Database\\Connection->runQueryCallback('insert into `pr...', Array, Object(Closure))
#1 /home/pigstuhq/pureoproducts.pigslhub.com/vendor/laravel/framework/src/Illuminate/Database/Connection.php(464): Illuminate\\Database\\Connection->run('insert into `pr...', Array, Object(Closure))
#2 /home/pigstuhq/pureoproducts.pigslhub.com/vendor/laravel/framework/src/Illuminate/Database/Connection.php(416): Illuminate\\Database\\Connection->statement('insert into `pr...', Array)
#3 /home/pigstuhq/pureoproducts.pigslhub.com/vendor/laravel/framework/src/Illuminate/Database/Query/Processors/Processor.php(32): Illuminate\\Database\\Connection->insert('insert into `pr...', Array)
#4 /home/pigstuhq/pureoproducts.pigslhub.com/vendor/laravel/framework/src/Illuminate/Database/Query/Builder.php(2705): Illuminate\\Database\\Query\\Processors\\Processor->processInsertGetId(Object(Illuminate\\Database\\Query\\Builder), 'insert into `pr...', Array, 'id')
#5 /home/pigstuhq/pureoproducts.pigslhub.com/vendor/laravel/framework/src/Illuminate/Database/Eloquent/Builder.php(1385): Illuminate\\Database\\Query\\Builder->insertGetId(Array, 'id')
#6 /home/pigstuhq/pureoproducts.pigslhub.com/vendor/laravel/framework/src/Illuminate/Database/Eloquent/Model.php(840): Illuminate\\Database\\Eloquent\\Builder->__call('insertGetId', Array)
#7 /home/pigstuhq/pureoproducts.pigslhub.com/vendor/laravel/framework/src/Illuminate/Database/Eloquent/Model.php(805): Illuminate\\Database\\Eloquent\\Model->insertAndSetId(Object(Illuminate\\Database\\Eloquent\\Builder), Array)
#8 /home/pigstuhq/pureoproducts.pigslhub.com/vendor/laravel/framework/src/Illuminate/Database/Eloquent/Model.php(668): Illuminate\\Database\\Eloquent\\Model->performInsert(Object(Illuminate\\Database\\Eloquent\\Builder))
#9 /home/pigstuhq/pureoproducts.pigslhub.com/vendor/laravel/framework/src/Illuminate/Database/Eloquent/Builder.php(774): Illuminate\\Database\\Eloquent\\Model->save()
#10 /home/pigstuhq/pureoproducts.pigslhub.com/vendor/laravel/framework/src/Illuminate/Support/helpers.php(422): Illuminate\\Database\\Eloquent\\Builder->Illuminate\\Database\\Eloquent\\{closure}(Object(App\\Models\\Product))
#11 /home/pigstuhq/pureoproducts.pigslhub.com/vendor/laravel/framework/src/Illuminate/Database/Eloquent/Builder.php(775): tap(Object(App\\Models\\Product), Object(Closure))
#12 /home/pigstuhq/pureoproducts.pigslhub.com/vendor/laravel/framework/src/Illuminate/Support/Traits/ForwardsCalls.php(23): Illuminate\\Database\\Eloquent\\Builder->create(Array)
#13 /home/pigstuhq/pureoproducts.pigslhub.com/vendor/laravel/framework/src/Illuminate/Database/Eloquent/Model.php(1622): Illuminate\\Database\\Eloquent\\Model->forwardCallTo(Object(Illuminate\\Database\\Eloquent\\Builder), 'create', Array)
#14 /home/pigstuhq/pureoproducts.pigslhub.com/vendor/laravel/framework/src/Illuminate/Database/Eloquent/Model.php(1634): Illuminate\\Database\\Eloquent\\Model->__call('create', Array)
#15 /home/pigstuhq/pureoproducts.pigslhub.com/app/Http/Controllers/Admin/Product/ProductController.php(30): Illuminate\\Database\\Eloquent\\Model::__callStatic('create', Array)
#16 /home/pigstuhq/pureoproducts.pigslhub.com/vendor/laravel/framework/src/Illuminate/Routing/Controller.php(54): App\\Http\\Controllers\\Admin\\Product\\ProductController->store(Object(Illuminate\\Http\\Request))
#17 /home/pigstuhq/pureoproducts.pigslhub.com/vendor/laravel/framework/src/Illuminate/Routing/ControllerDispatcher.php(45): Illuminate\\Routing\\Controller->callAction('store', Array)
#18 /home/pigstuhq/pureoproducts.pigslhub.com/vendor/laravel/framework/src/Illuminate/Routing/Route.php(219): Illuminate\\Routing\\ControllerDispatcher->dispatch(Object(Illuminate\\Routing\\Route), Object(App\\Http\\Controllers\\Admin\\Product\\ProductController), 'store')
#19 /home/pigstuhq/pureoproducts.pigslhub.com/vendor/laravel/framework/src/Illuminate/Routing/Route.php(176): Illuminate\\Routing\\Route->runController()
#20 /home/pigstuhq/pureoproducts.pigslhub.com/vendor/laravel/framework/src/Illuminate/Routing/Router.php(681): Illuminate\\Routing\\Route->run()
#21 /home/pigstuhq/pureoproducts.pigslhub.com/vendor/laravel/framework/src/Illuminate/Pipeline/Pipeline.php(130): Illuminate\\Routing\\Router->Illuminate\\Routing\\{closure}(Object(Illuminate\\Http\\Request))
#22 /home/pigstuhq/pureoproducts.pigslhub.com/vendor/laravel/framework/src/Illuminate/Routing/Middleware/SubstituteBindings.php(41): Illuminate\\Pipeline\\Pipeline->Illuminate\\Pipeline\\{closure}(Object(Illuminate\\Http\\Request))
#23 /home/pigstuhq/pureoproducts.pigslhub.com/vendor/laravel/framework/src/Illuminate/Pipeline/Pipeline.php(171): Illuminate\\Routing\\Middleware\\SubstituteBindings->handle(Object(Illuminate\\Http\\Request), Object(Closure))
#24 /home/pigstuhq/pureoproducts.pigslhub.com/vendor/laravel/framework/src/Illuminate/Auth/Middleware/Authenticate.php(43): Illuminate\\Pipeline\\Pipeline->Illuminate\\Pipeline\\{closure}(Object(Illuminate\\Http\\Request))
#25 /home/pigstuhq/pureoproducts.pigslhub.com/vendor/laravel/framework/src/Illuminate/Pipeline/Pipeline.php(171): Illuminate\\Auth\\Middleware\\Authenticate->handle(Object(Illuminate\\Http\\Request), Object(Closure), 'admin')
#26 /home/pigstuhq/pureoproducts.pigslhub.com/vendor/laravel/framework/src/Illuminate/Foundation/Http/Middleware/VerifyCsrfToken.php(78): Illuminate\\Pipeline\\Pipeline->Illuminate\\Pipeline\\{closure}(Object(Illuminate\\Http\\Request))
#27 /home/pigstuhq/pureoproducts.pigslhub.com/vendor/laravel/framework/src/Illuminate/Pipeline/Pipeline.php(171): Illuminate\\Foundation\\Http\\Middleware\\VerifyCsrfToken->handle(Object(Illuminate\\Http\\Request), Object(Closure))
#28 /home/pigstuhq/pureoproducts.pigslhub.com/vendor/laravel/framework/src/Illuminate/View/Middleware/ShareErrorsFromSession.php(49): Illuminate\\Pipeline\\Pipeline->Illuminate\\Pipeline\\{closure}(Object(Illuminate\\Http\\Request))
#29 /home/pigstuhq/pureoproducts.pigslhub.com/vendor/laravel/framework/src/Illuminate/Pipeline/Pipeline.php(171): Illuminate\\View\\Middleware\\ShareErrorsFromSession->handle(Object(Illuminate\\Http\\Request), Object(Closure))
#30 /home/pigstuhq/pureoproducts.pigslhub.com/vendor/laravel/framework/src/Illuminate/Session/Middleware/StartSession.php(56): Illuminate\\Pipeline\\Pipeline->Illuminate\\Pipeline\\{closure}(Object(Illuminate\\Http\\Request))
#31 /home/pigstuhq/pureoproducts.pigslhub.com/vendor/laravel/framework/src/Illuminate/Pipeline/Pipeline.php(171): Illuminate\\Session\\Middleware\\StartSession->handle(Object(Illuminate\\Http\\Request), Object(Closure))
#32 /home/pigstuhq/pureoproducts.pigslhub.com/vendor/laravel/framework/src/Illuminate/Cookie/Middleware/AddQueuedCookiesToResponse.php(37): Illuminate\\Pipeline\\Pipeline->Illuminate\\Pipeline\\{closure}(Object(Illuminate\\Http\\Request))
#33 /home/pigstuhq/pureoproducts.pigslhub.com/vendor/laravel/framework/src/Illuminate/Pipeline/Pipeline.php(171): Illuminate\\Cookie\\Middleware\\AddQueuedCookiesToResponse->handle(Object(Illuminate\\Http\\Request), Object(Closure))
#34 /home/pigstuhq/pureoproducts.pigslhub.com/vendor/laravel/framework/src/Illuminate/Cookie/Middleware/EncryptCookies.php(67): Illuminate\\Pipeline\\Pipeline->Illuminate\\Pipeline\\{closure}(Object(Illuminate\\Http\\Request))
#35 /home/pigstuhq/pureoproducts.pigslhub.com/vendor/laravel/framework/src/Illuminate/Pipeline/Pipeline.php(171): Illuminate\\Cookie\\Middleware\\EncryptCookies->handle(Object(Illuminate\\Http\\Request), Object(Closure))
#36 /home/pigstuhq/pureoproducts.pigslhub.com/vendor/laravel/framework/src/Illuminate/Pipeline/Pipeline.php(105): Illuminate\\Pipeline\\Pipeline->Illuminate\\Pipeline\\{closure}(Object(Illuminate\\Http\\Request))
#37 /home/pigstuhq/pureoproducts.pigslhub.com/vendor/laravel/framework/src/Illuminate/Routing/Router.php(683): Illuminate\\Pipeline\\Pipeline->then(Object(Closure))
#38 /home/pigstuhq/pureoproducts.pigslhub.com/vendor/laravel/framework/src/Illuminate/Routing/Router.php(658): Illuminate\\Routing\\Router->runRouteWithinStack(Object(Illuminate\\Routing\\Route), Object(Illuminate\\Http\\Request))
#39 /home/pigstuhq/pureoproducts.pigslhub.com/vendor/laravel/framework/src/Illuminate/Routing/Router.php(624): Illuminate\\Routing\\Router->runRoute(Object(Illuminate\\Http\\Request), Object(Illuminate\\Routing\\Route))
#40 /home/pigstuhq/pureoproducts.pigslhub.com/vendor/laravel/framework/src/Illuminate/Routing/Router.php(613): Illuminate\\Routing\\Router->dispatchToRoute(Object(Illuminate\\Http\\Request))
#41 /home/pigstuhq/pureoproducts.pigslhub.com/vendor/laravel/framework/src/Illuminate/Foundation/Http/Kernel.php(170): Illuminate\\Routing\\Router->dispatch(Object(Illuminate\\Http\\Request))
#42 /home/pigstuhq/pureoproducts.pigslhub.com/vendor/laravel/framework/src/Illuminate/Pipeline/Pipeline.php(130): Illuminate\\Foundation\\Http\\Kernel->Illuminate\\Foundation\\Http\\{closure}(Object(Illuminate\\Http\\Request))
#43 /home/pigstuhq/pureoproducts.pigslhub.com/vendor/laravel/framework/src/Illuminate/Foundation/Http/Middleware/TransformsRequest.php(21): Illuminate\\Pipeline\\Pipeline->Illuminate\\Pipeline\\{closure}(Object(Illuminate\\Http\\Request))
#44 /home/pigstuhq/pureoproducts.pigslhub.com/vendor/laravel/framework/src/Illuminate/Pipeline/Pipeline.php(171): Illuminate\\Foundation\\Http\\Middleware\\TransformsRequest->handle(Object(Illuminate\\Http\\Request), Object(Closure))
#45 /home/pigstuhq/pureoproducts.pigslhub.com/vendor/laravel/framework/src/Illuminate/Foundation/Http/Middleware/TransformsRequest.php(21): Illuminate\\Pipeline\\Pipeline->Illuminate\\Pipeline\\{closure}(Object(Illuminate\\Http\\Request))
#46 /home/pigstuhq/pureoproducts.pigslhub.com/vendor/laravel/framework/src/Illuminate/Pipeline/Pipeline.php(171): Illuminate\\Foundation\\Http\\Middleware\\TransformsRequest->handle(Object(Illuminate\\Http\\Request), Object(Closure))
#47 /home/pigstuhq/pureoproducts.pigslhub.com/vendor/laravel/framework/src/Illuminate/Foundation/Http/Middleware/ValidatePostSize.php(27): Illuminate\\Pipeline\\Pipeline->Illuminate\\Pipeline\\{closure}(Object(Illuminate\\Http\\Request))
#48 /home/pigstuhq/pureoproducts.pigslhub.com/vendor/laravel/framework/src/Illuminate/Pipeline/Pipeline.php(171): Illuminate\\Foundation\\Http\\Middleware\\ValidatePostSize->handle(Object(Illuminate\\Http\\Request), Object(Closure))
#49 /home/pigstuhq/pureoproducts.pigslhub.com/vendor/laravel/framework/src/Illuminate/Foundation/Http/Middleware/CheckForMaintenanceMode.php(63): Illuminate\\Pipeline\\Pipeline->Illuminate\\Pipeline\\{closure}(Object(Illuminate\\Http\\Request))
#50 /home/pigstuhq/pureoproducts.pigslhub.com/vendor/laravel/framework/src/Illuminate/Pipeline/Pipeline.php(171): Illuminate\\Foundation\\Http\\Middleware\\CheckForMaintenanceMode->handle(Object(Illuminate\\Http\\Request), Object(Closure))
#51 /home/pigstuhq/pureoproducts.pigslhub.com/vendor/fideloper/proxy/src/TrustProxies.php(57): Illuminate\\Pipeline\\Pipeline->Illuminate\\Pipeline\\{closure}(Object(Illuminate\\Http\\Request))
#52 /home/pigstuhq/pureoproducts.pigslhub.com/vendor/laravel/framework/src/Illuminate/Pipeline/Pipeline.php(171): Fideloper\\Proxy\\TrustProxies->handle(Object(Illuminate\\Http\\Request), Object(Closure))
#53 /home/pigstuhq/pureoproducts.pigslhub.com/vendor/laravel/framework/src/Illuminate/Pipeline/Pipeline.php(105): Illuminate\\Pipeline\\Pipeline->Illuminate\\Pipeline\\{closure}(Object(Illuminate\\Http\\Request))
#54 /home/pigstuhq/pureoproducts.pigslhub.com/vendor/laravel/framework/src/Illuminate/Foundation/Http/Kernel.php(145): Illuminate\\Pipeline\\Pipeline->then(Object(Closure))
#55 /home/pigstuhq/pureoproducts.pigslhub.com/vendor/laravel/framework/src/Illuminate/Foundation/Http/Kernel.php(110): Illuminate\\Foundation\\Http\\Kernel->sendRequestThroughRouter(Object(Illuminate\\Http\\Request))
#56 /home/pigstuhq/pureoproducts.pigslhub.com/public/index.php(55): Illuminate\\Foundation\\Http\\Kernel->handle(Object(Illuminate\\Http\\Request))
#57 {main}

[previous exception] [object] (PDOException(code: 22001): SQLSTATE[22001]: String data, right truncated: 1406 Data too long for column 'description' at row 1 at /home/pigstuhq/pureoproducts.pigslhub.com/vendor/laravel/framework/src/Illuminate/Database/Connection.php:463)
[stacktrace]
#0 /home/pigstuhq/pureoproducts.pigslhub.com/vendor/laravel/framework/src/Illuminate/Database/Connection.php(463): PDOStatement->execute()
#1 /home/pigstuhq/pureoproducts.pigslhub.com/vendor/laravel/framework/src/Illuminate/Database/Connection.php(662): Illuminate\\Database\\Connection->Illuminate\\Database\\{closure}('insert into `pr...', Array)
#2 /home/pigstuhq/pureoproducts.pigslhub.com/vendor/laravel/framework/src/Illuminate/Database/Connection.php(629): Illuminate\\Database\\Connection->runQueryCallback('insert into `pr...', Array, Object(Closure))
#3 /home/pigstuhq/pureoproducts.pigslhub.com/vendor/laravel/framework/src/Illuminate/Database/Connection.php(464): Illuminate\\Database\\Connection->run('insert into `pr...', Array, Object(Closure))
#4 /home/pigstuhq/pureoproducts.pigslhub.com/vendor/laravel/framework/src/Illuminate/Database/Connection.php(416): Illuminate\\Database\\Connection->statement('insert into `pr...', Array)
#5 /home/pigstuhq/pureoproducts.pigslhub.com/vendor/laravel/framework/src/Illuminate/Database/Query/Processors/Processor.php(32): Illuminate\\Database\\Connection->insert('insert into `pr...', Array)
#6 /home/pigstuhq/pureoproducts.pigslhub.com/vendor/laravel/framework/src/Illuminate/Database/Query/Builder.php(2705): Illuminate\\Database\\Query\\Processors\\Processor->processInsertGetId(Object(Illuminate\\Database\\Query\\Builder), 'insert into `pr...', Array, 'id')
#7 /home/pigstuhq/pureoproducts.pigslhub.com/vendor/laravel/framework/src/Illuminate/Database/Eloquent/Builder.php(1385): Illuminate\\Database\\Query\\Builder->insertGetId(Array, 'id')
#8 /home/pigstuhq/pureoproducts.pigslhub.com/vendor/laravel/framework/src/Illuminate/Database/Eloquent/Model.php(840): Illuminate\\Database\\Eloquent\\Builder->__call('insertGetId', Array)
#9 /home/pigstuhq/pureoproducts.pigslhub.com/vendor/laravel/framework/src/Illuminate/Database/Eloquent/Model.php(805): Illuminate\\Database\\Eloquent\\Model->insertAndSetId(Object(Illuminate\\Database\\Eloquent\\Builder), Array)
#10 /home/pigstuhq/pureoproducts.pigslhub.com/vendor/laravel/framework/src/Illuminate/Database/Eloquent/Model.php(668): Illuminate\\Database\\Eloquent\\Model->performInsert(Object(Illuminate\\Database\\Eloquent\\Builder))
#11 /home/pigstuhq/pureoproducts.pigslhub.com/vendor/laravel/framework/src/Illuminate/Database/Eloquent/Builder.php(774): Illuminate\\Database\\Eloquent\\Model->save()
#12 /home/pigstuhq/pureoproducts.pigslhub.com/vendor/laravel/framework/src/Illuminate/Support/helpers.php(422): Illuminate\\Database\\Eloquent\\Builder->Illuminate\\Database\\Eloquent\\{closure}(Object(App\\Models\\Product))
#13 /home/pigstuhq/pureoproducts.pigslhub.com/vendor/laravel/framework/src/Illuminate/Database/Eloquent/Builder.php(775): tap(Object(App\\Models\\Product), Object(Closure))
#14 /home/pigstuhq/pureoproducts.pigslhub.com/vendor/laravel/framework/src/Illuminate/Support/Traits/ForwardsCalls.php(23): Illuminate\\Database\\Eloquent\\Builder->create(Array)
#15 /home/pigstuhq/pureoproducts.pigslhub.com/vendor/laravel/framework/src/Illuminate/Database/Eloquent/Model.php(1622): Illuminate\\Database\\Eloquent\\Model->forwardCallTo(Object(Illuminate\\Database\\Eloquent\\Builder), 'create', Array)
#16 /home/pigstuhq/pureoproducts.pigslhub.com/vendor/laravel/framework/src/Illuminate/Database/Eloquent/Model.php(1634): Illuminate\\Database\\Eloquent\\Model->__call('create', Array)
#17 /home/pigstuhq/pureoproducts.pigslhub.com/app/Http/Controllers/Admin/Product/ProductController.php(30): Illuminate\\Database\\Eloquent\\Model::__callStatic('create', Array)
#18 /home/pigstuhq/pureoproducts.pigslhub.com/vendor/laravel/framework/src/Illuminate/Routing/Controller.php(54): App\\Http\\Controllers\\Admin\\Product\\ProductController->store(Object(Illuminate\\Http\\Request))
#19 /home/pigstuhq/pureoproducts.pigslhub.com/vendor/laravel/framework/src/Illuminate/Routing/ControllerDispatcher.php(45): Illuminate\\Routing\\Controller->callAction('store', Array)
#20 /home/pigstuhq/pureoproducts.pigslhub.com/vendor/laravel/framework/src/Illuminate/Routing/Route.php(219): Illuminate\\Routing\\ControllerDispatcher->dispatch(Object(Illuminate\\Routing\\Route), Object(App\\Http\\Controllers\\Admin\\Product\\ProductController), 'store')
#21 /home/pigstuhq/pureoproducts.pigslhub.com/vendor/laravel/framework/src/Illuminate/Routing/Route.php(176): Illuminate\\Routing\\Route->runController()
#22 /home/pigstuhq/pureoproducts.pigslhub.com/vendor/laravel/framework/src/Illuminate/Routing/Router.php(681): Illuminate\\Routing\\Route->run()
#23 /home/pigstuhq/pureoproducts.pigslhub.com/vendor/laravel/framework/src/Illuminate/Pipeline/Pipeline.php(130): Illuminate\\Routing\\Router->Illuminate\\Routing\\{closure}(Object(Illuminate\\Http\\Request))
#24 /home/pigstuhq/pureoproducts.pigslhub.com/vendor/laravel/framework/src/Illuminate/Routing/Middleware/SubstituteBindings.php(41): Illuminate\\Pipeline\\Pipeline->Illuminate\\Pipeline\\{closure}(Object(Illuminate\\Http\\Request))
#25 /home/pigstuhq/pureoproducts.pigslhub.com/vendor/laravel/framework/src/Illuminate/Pipeline/Pipeline.php(171): Illuminate\\Routing\\Middleware\\SubstituteBindings->handle(Object(Illuminate\\Http\\Request), Object(Closure))
#26 /home/pigstuhq/pureoproducts.pigslhub.com/vendor/laravel/framework/src/Illuminate/Auth/Middleware/Authenticate.php(43): Illuminate\\Pipeline\\Pipeline->Illuminate\\Pipeline\\{closure}(Object(Illuminate\\Http\\Request))
#27 /home/pigstuhq/pureoproducts.pigslhub.com/vendor/laravel/framework/src/Illuminate/Pipeline/Pipeline.php(171): Illuminate\\Auth\\Middleware\\Authenticate->handle(Object(Illuminate\\Http\\Request), Object(Closure), 'admin')
#28 /home/pigstuhq/pureoproducts.pigslhub.com/vendor/laravel/framework/src/Illuminate/Foundation/Http/Middleware/VerifyCsrfToken.php(78): Illuminate\\Pipeline\\Pipeline->Illuminate\\Pipeline\\{closure}(Object(Illuminate\\Http\\Request))
#29 /home/pigstuhq/pureoproducts.pigslhub.com/vendor/laravel/framework/src/Illuminate/Pipeline/Pipeline.php(171): Illuminate\\Foundation\\Http\\Middleware\\VerifyCsrfToken->handle(Object(Illuminate\\Http\\Request), Object(Closure))
#30 /home/pigstuhq/pureoproducts.pigslhub.com/vendor/laravel/framework/src/Illuminate/View/Middleware/ShareErrorsFromSession.php(49): Illuminate\\Pipeline\\Pipeline->Illuminate\\Pipeline\\{closure}(Object(Illuminate\\Http\\Request))
#31 /home/pigstuhq/pureoproducts.pigslhub.com/vendor/laravel/framework/src/Illuminate/Pipeline/Pipeline.php(171): Illuminate\\View\\Middleware\\ShareErrorsFromSession->handle(Object(Illuminate\\Http\\Request), Object(Closure))
#32 /home/pigstuhq/pureoproducts.pigslhub.com/vendor/laravel/framework/src/Illuminate/Session/Middleware/StartSession.php(56): Illuminate\\Pipeline\\Pipeline->Illuminate\\Pipeline\\{closure}(Object(Illuminate\\Http\\Request))
#33 /home/pigstuhq/pureoproducts.pigslhub.com/vendor/laravel/framework/src/Illuminate/Pipeline/Pipeline.php(171): Illuminate\\Session\\Middleware\\StartSession->handle(Object(Illuminate\\Http\\Request), Object(Closure))
#34 /home/pigstuhq/pureoproducts.pigslhub.com/vendor/laravel/framework/src/Illuminate/Cookie/Middleware/AddQueuedCookiesToResponse.php(37): Illuminate\\Pipeline\\Pipeline->Illuminate\\Pipeline\\{closure}(Object(Illuminate\\Http\\Request))
#35 /home/pigstuhq/pureoproducts.pigslhub.com/vendor/laravel/framework/src/Illuminate/Pipeline/Pipeline.php(171): Illuminate\\Cookie\\Middleware\\AddQueuedCookiesToResponse->handle(Object(Illuminate\\Http\\Request), Object(Closure))
#36 /home/pigstuhq/pureoproducts.pigslhub.com/vendor/laravel/framework/src/Illuminate/Cookie/Middleware/EncryptCookies.php(67): Illuminate\\Pipeline\\Pipeline->Illuminate\\Pipeline\\{closure}(Object(Illuminate\\Http\\Request))
#37 /home/pigstuhq/pureoproducts.pigslhub.com/vendor/laravel/framework/src/Illuminate/Pipeline/Pipeline.php(171): Illuminate\\Cookie\\Middleware\\EncryptCookies->handle(Object(Illuminate\\Http\\Request), Object(Closure))
#38 /home/pigstuhq/pureoproducts.pigslhub.com/vendor/laravel/framework/src/Illuminate/Pipeline/Pipeline.php(105): Illuminate\\Pipeline\\Pipeline->Illuminate\\Pipeline\\{closure}(Object(Illuminate\\Http\\Request))
#39 /home/pigstuhq/pureoproducts.pigslhub.com/vendor/laravel/framework/src/Illuminate/Routing/Router.php(683): Illuminate\\Pipeline\\Pipeline->then(Object(Closure))
#40 /home/pigstuhq/pureoproducts.pigslhub.com/vendor/laravel/framework/src/Illuminate/Routing/Router.php(658): Illuminate\\Routing\\Router->runRouteWithinStack(Object(Illuminate\\Routing\\Route), Object(Illuminate\\Http\\Request))
#41 /home/pigstuhq/pureoproducts.pigslhub.com/vendor/laravel/framework/src/Illuminate/Routing/Router.php(624): Illuminate\\Routing\\Router->runRoute(Object(Illuminate\\Http\\Request), Object(Illuminate\\Routing\\Route))
#42 /home/pigstuhq/pureoproducts.pigslhub.com/vendor/laravel/framework/src/Illuminate/Routing/Router.php(613): Illuminate\\Routing\\Router->dispatchToRoute(Object(Illuminate\\Http\\Request))
#43 /home/pigstuhq/pureoproducts.pigslhub.com/vendor/laravel/framework/src/Illuminate/Foundation/Http/Kernel.php(170): Illuminate\\Routing\\Router->dispatch(Object(Illuminate\\Http\\Request))
#44 /home/pigstuhq/pureoproducts.pigslhub.com/vendor/laravel/framework/src/Illuminate/Pipeline/Pipeline.php(130): Illuminate\\Foundation\\Http\\Kernel->Illuminate\\Foundation\\Http\\{closure}(Object(Illuminate\\Http\\Request))
#45 /home/pigstuhq/pureoproducts.pigslhub.com/vendor/laravel/framework/src/Illuminate/Foundation/Http/Middleware/TransformsRequest.php(21): Illuminate\\Pipeline\\Pipeline->Illuminate\\Pipeline\\{closure}(Object(Illuminate\\Http\\Request))
#46 /home/pigstuhq/pureoproducts.pigslhub.com/vendor/laravel/framework/src/Illuminate/Pipeline/Pipeline.php(171): Illuminate\\Foundation\\Http\\Middleware\\TransformsRequest->handle(Object(Illuminate\\Http\\Request), Object(Closure))
#47 /home/pigstuhq/pureoproducts.pigslhub.com/vendor/laravel/framework/src/Illuminate/Foundation/Http/Middleware/TransformsRequest.php(21): Illuminate\\Pipeline\\Pipeline->Illuminate\\Pipeline\\{closure}(Object(Illuminate\\Http\\Request))
#48 /home/pigstuhq/pureoproducts.pigslhub.com/vendor/laravel/framework/src/Illuminate/Pipeline/Pipeline.php(171): Illuminate\\Foundation\\Http\\Middleware\\TransformsRequest->handle(Object(Illuminate\\Http\\Request), Object(Closure))
#49 /home/pigstuhq/pureoproducts.pigslhub.com/vendor/laravel/framework/src/Illuminate/Foundation/Http/Middleware/ValidatePostSize.php(27): Illuminate\\Pipeline\\Pipeline->Illuminate\\Pipeline\\{closure}(Object(Illuminate\\Http\\Request))
#50 /home/pigstuhq/pureoproducts.pigslhub.com/vendor/laravel/framework/src/Illuminate/Pipeline/Pipeline.php(171): Illuminate\\Foundation\\Http\\Middleware\\ValidatePostSize->handle(Object(Illuminate\\Http\\Request), Object(Closure))
#51 /home/pigstuhq/pureoproducts.pigslhub.com/vendor/laravel/framework/src/Illuminate/Foundation/Http/Middleware/CheckForMaintenanceMode.php(63): Illuminate\\Pipeline\\Pipeline->Illuminate\\Pipeline\\{closure}(Object(Illuminate\\Http\\Request))
#52 /home/pigstuhq/pureoproducts.pigslhub.com/vendor/laravel/framework/src/Illuminate/Pipeline/Pipeline.php(171): Illuminate\\Foundation\\Http\\Middleware\\CheckForMaintenanceMode->handle(Object(Illuminate\\Http\\Request), Object(Closure))
#53 /home/pigstuhq/pureoproducts.pigslhub.com/vendor/fideloper/proxy/src/TrustProxies.php(57): Illuminate\\Pipeline\\Pipeline->Illuminate\\Pipeline\\{closure}(Object(Illuminate\\Http\\Request))
#54 /home/pigstuhq/pureoproducts.pigslhub.com/vendor/laravel/framework/src/Illuminate/Pipeline/Pipeline.php(171): Fideloper\\Proxy\\TrustProxies->handle(Object(Illuminate\\Http\\Request), Object(Closure))
#55 /home/pigstuhq/pureoproducts.pigslhub.com/vendor/laravel/framework/src/Illuminate/Pipeline/Pipeline.php(105): Illuminate\\Pipeline\\Pipeline->Illuminate\\Pipeline\\{closure}(Object(Illuminate\\Http\\Request))
#56 /home/pigstuhq/pureoproducts.pigslhub.com/vendor/laravel/framework/src/Illuminate/Foundation/Http/Kernel.php(145): Illuminate\\Pipeline\\Pipeline->then(Object(Closure))
#57 /home/pigstuhq/pureoproducts.pigslhub.com/vendor/laravel/framework/src/Illuminate/Foundation/Http/Kernel.php(110): Illuminate\\Foundation\\Http\\Kernel->sendRequestThroughRouter(Object(Illuminate\\Http\\Request))
#58 /home/pigstuhq/pureoproducts.pigslhub.com/public/index.php(55): Illuminate\\Foundation\\Http\\Kernel->handle(Object(Illuminate\\Http\\Request))
#59 {main}
"} 
[2021-03-11 11:56:42] local.ERROR: Interface 'Tymon\JWTAuth\Contracts\JWTSubject' not found {"userId":30000001,"exception":"[object] (Symfony\\Component\\Debug\\Exception\\FatalErrorException(code: 1): Interface 'Tymon\\JWTAuth\\Contracts\\JWTSubject' not found at /home/pigstuhq/pureoproducts.pigslhub.com/app/Models/Customer.php:9)
[stacktrace]
#0 {main}
"} 
